[BLOCK] Cannot serialize voxel shapes for block: Block{minecraft:mangrove_propagule}
[BLOCK] Cannot serialize voxel shapes for block: Block{minecraft:mangrove_propagule}
[BLOCK] Cannot serialize voxel shapes for block: Block{minecraft:mangrove_propagule}
[BLOCK] Cannot serialize voxel shapes for block: Block{minecraft:mangrove_propagule}
[BLOCK] Cannot serialize voxel shapes for block: Block{minecraft:mangrove_propagule}
[BLOCK] Cannot serialize voxel shapes for block: Block{minecraft:mangrove_propagule}
[BLOCK] Cannot serialize voxel shapes for block: Block{minecraft:mangrove_propagule}
[BLOCK] Cannot serialize voxel shapes for block: Block{minecraft:mangrove_propagule}
[BLOCK] Cannot serialize voxel shapes for block: Block{minecraft:mangrove_propagule}
[BLOCK] Cannot serialize voxel shapes for block: Block{minecraft:mangrove_propagule}
[BLOCK] Cannot serialize voxel shapes for block: Block{minecraft:mangrove_propagule}
[BLOCK] Cannot serialize voxel shapes for block: Block{minecraft:mangrove_propagule}
[BLOCK] Cannot serialize voxel shapes for block: Block{minecraft:mangrove_propagule}
[BLOCK] Cannot serialize voxel shapes for block: Block{minecraft:mangrove_propagule}
[BLOCK] Cannot serialize voxel shapes for block: Block{minecraft:mangrove_propagule}
[BLOCK] Cannot serialize voxel shapes for block: Block{minecraft:mangrove_propagule}
[BLOCK] Cannot serialize voxel shapes for block: Block{minecraft:mangrove_propagule}
[BLOCK] Cannot serialize voxel shapes for block: Block{minecraft:mangrove_propagule}
[BLOCK] Cannot serialize voxel shapes for block: Block{minecraft:mangrove_propagule}
[BLOCK] Cannot serialize voxel shapes for block: Block{minecraft:mangrove_propagule}
[BLOCK] Cannot serialize voxel shapes for block: Block{minecraft:mangrove_propagule}
[BLOCK] Cannot serialize voxel shapes for block: Block{minecraft:mangrove_propagule}
[BLOCK] Cannot serialize voxel shapes for block: Block{minecraft:mangrove_propagule}
[BLOCK] Cannot serialize voxel shapes for block: Block{minecraft:mangrove_propagule}
[BLOCK] Cannot serialize voxel shapes for block: Block{minecraft:mangrove_propagule}
[BLOCK] Cannot serialize voxel shapes for block: Block{minecraft:mangrove_propagule}
[BLOCK] Cannot serialize voxel shapes for block: Block{minecraft:mangrove_propagule}
[BLOCK] Cannot serialize voxel shapes for block: Block{minecraft:mangrove_propagule}
[BLOCK] Cannot serialize voxel shapes for block: Block{minecraft:mangrove_propagule}
[BLOCK] Cannot serialize voxel shapes for block: Block{minecraft:mangrove_propagule}
[BLOCK] Cannot serialize voxel shapes for block: Block{minecraft:mangrove_propagule}
[BLOCK] Cannot serialize voxel shapes for block: Block{minecraft:mangrove_propagule}
[BLOCK] Cannot serialize voxel shapes for block: Block{minecraft:mangrove_propagule}
[BLOCK] Cannot serialize voxel shapes for block: Block{minecraft:mangrove_propagule}
[BLOCK] Cannot serialize voxel shapes for block: Block{minecraft:mangrove_propagule}
[BLOCK] Cannot serialize voxel shapes for block: Block{minecraft:mangrove_propagule}
[BLOCK] Cannot serialize voxel shapes for block: Block{minecraft:mangrove_propagule}
[BLOCK] Cannot serialize voxel shapes for block: Block{minecraft:mangrove_propagule}
[BLOCK] Cannot serialize voxel shapes for block: Block{minecraft:mangrove_propagule}
[BLOCK] Cannot serialize voxel shapes for block: Block{minecraft:mangrove_propagule}
[BLOCK] Cannot serialize voxel shapes for block: Block{minecraft:moving_piston}
[BLOCK] Cannot serialize voxel shapes for block: Block{minecraft:moving_piston}
[BLOCK] Cannot serialize voxel shapes for block: Block{minecraft:moving_piston}
[BLOCK] Cannot serialize voxel shapes for block: Block{minecraft:moving_piston}
[BLOCK] Cannot serialize voxel shapes for block: Block{minecraft:moving_piston}
[BLOCK] Cannot serialize voxel shapes for block: Block{minecraft:moving_piston}
[BLOCK] Cannot serialize voxel shapes for block: Block{minecraft:moving_piston}
[BLOCK] Cannot serialize voxel shapes for block: Block{minecraft:moving_piston}
[BLOCK] Cannot serialize voxel shapes for block: Block{minecraft:moving_piston}
[BLOCK] Cannot serialize voxel shapes for block: Block{minecraft:moving_piston}
[BLOCK] Cannot serialize voxel shapes for block: Block{minecraft:moving_piston}
[BLOCK] Cannot serialize voxel shapes for block: Block{minecraft:moving_piston}
[BLOCK] Cannot serialize voxel shapes for block: Block{minecraft:dandelion}
[BLOCK] Cannot serialize voxel shapes for block: Block{minecraft:torchflower}
[BLOCK] Cannot serialize voxel shapes for block: Block{minecraft:poppy}
[BLOCK] Cannot serialize voxel shapes for block: Block{minecraft:blue_orchid}
[BLOCK] Cannot serialize voxel shapes for block: Block{minecraft:allium}
[BLOCK] Cannot serialize voxel shapes for block: Block{minecraft:azure_bluet}
[BLOCK] Cannot serialize voxel shapes for block: Block{minecraft:red_tulip}
[BLOCK] Cannot serialize voxel shapes for block: Block{minecraft:orange_tulip}
[BLOCK] Cannot serialize voxel shapes for block: Block{minecraft:white_tulip}
[BLOCK] Cannot serialize voxel shapes for block: Block{minecraft:pink_tulip}
[BLOCK] Cannot serialize voxel shapes for block: Block{minecraft:oxeye_daisy}
[BLOCK] Cannot serialize voxel shapes for block: Block{minecraft:cornflower}
[BLOCK] Cannot serialize voxel shapes for block: Block{minecraft:wither_rose}
[BLOCK] Cannot serialize voxel shapes for block: Block{minecraft:lily_of_the_valley}
[BLOCK] Cannot serialize voxel shapes for block: Block{minecraft:shulker_box}
[BLOCK] Cannot serialize voxel shapes for block: Block{minecraft:shulker_box}
[BLOCK] Cannot serialize voxel shapes for block: Block{minecraft:shulker_box}
[BLOCK] Cannot serialize voxel shapes for block: Block{minecraft:shulker_box}
[BLOCK] Cannot serialize voxel shapes for block: Block{minecraft:shulker_box}
[BLOCK] Cannot serialize voxel shapes for block: Block{minecraft:shulker_box}
[BLOCK] Cannot serialize voxel shapes for block: Block{minecraft:white_shulker_box}
[BLOCK] Cannot serialize voxel shapes for block: Block{minecraft:white_shulker_box}
[BLOCK] Cannot serialize voxel shapes for block: Block{minecraft:white_shulker_box}
[BLOCK] Cannot serialize voxel shapes for block: Block{minecraft:white_shulker_box}
[BLOCK] Cannot serialize voxel shapes for block: Block{minecraft:white_shulker_box}
[BLOCK] Cannot serialize voxel shapes for block: Block{minecraft:white_shulker_box}
[BLOCK] Cannot serialize voxel shapes for block: Block{minecraft:orange_shulker_box}
[BLOCK] Cannot serialize voxel shapes for block: Block{minecraft:orange_shulker_box}
[BLOCK] Cannot serialize voxel shapes for block: Block{minecraft:orange_shulker_box}
[BLOCK] Cannot serialize voxel shapes for block: Block{minecraft:orange_shulker_box}
[BLOCK] Cannot serialize voxel shapes for block: Block{minecraft:orange_shulker_box}
[BLOCK] Cannot serialize voxel shapes for block: Block{minecraft:orange_shulker_box}
[BLOCK] Cannot serialize voxel shapes for block: Block{minecraft:magenta_shulker_box}
[BLOCK] Cannot serialize voxel shapes for block: Block{minecraft:magenta_shulker_box}
[BLOCK] Cannot serialize voxel shapes for block: Block{minecraft:magenta_shulker_box}
[BLOCK] Cannot serialize voxel shapes for block: Block{minecraft:magenta_shulker_box}
[BLOCK] Cannot serialize voxel shapes for block: Block{minecraft:magenta_shulker_box}
[BLOCK] Cannot serialize voxel shapes for block: Block{minecraft:magenta_shulker_box}
[BLOCK] Cannot serialize voxel shapes for block: Block{minecraft:light_blue_shulker_box}
[BLOCK] Cannot serialize voxel shapes for block: Block{minecraft:light_blue_shulker_box}
[BLOCK] Cannot serialize voxel shapes for block: Block{minecraft:light_blue_shulker_box}
[BLOCK] Cannot serialize voxel shapes for block: Block{minecraft:light_blue_shulker_box}
[BLOCK] Cannot serialize voxel shapes for block: Block{minecraft:light_blue_shulker_box}
[BLOCK] Cannot serialize voxel shapes for block: Block{minecraft:light_blue_shulker_box}
[BLOCK] Cannot serialize voxel shapes for block: Block{minecraft:yellow_shulker_box}
[BLOCK] Cannot serialize voxel shapes for block: Block{minecraft:yellow_shulker_box}
[BLOCK] Cannot serialize voxel shapes for block: Block{minecraft:yellow_shulker_box}
[BLOCK] Cannot serialize voxel shapes for block: Block{minecraft:yellow_shulker_box}
[BLOCK] Cannot serialize voxel shapes for block: Block{minecraft:yellow_shulker_box}
[BLOCK] Cannot serialize voxel shapes for block: Block{minecraft:yellow_shulker_box}
[BLOCK] Cannot serialize voxel shapes for block: Block{minecraft:lime_shulker_box}
[BLOCK] Cannot serialize voxel shapes for block: Block{minecraft:lime_shulker_box}
[BLOCK] Cannot serialize voxel shapes for block: Block{minecraft:lime_shulker_box}
[BLOCK] Cannot serialize voxel shapes for block: Block{minecraft:lime_shulker_box}
[BLOCK] Cannot serialize voxel shapes for block: Block{minecraft:lime_shulker_box}
[BLOCK] Cannot serialize voxel shapes for block: Block{minecraft:lime_shulker_box}
[BLOCK] Cannot serialize voxel shapes for block: Block{minecraft:pink_shulker_box}
[BLOCK] Cannot serialize voxel shapes for block: Block{minecraft:pink_shulker_box}
[BLOCK] Cannot serialize voxel shapes for block: Block{minecraft:pink_shulker_box}
[BLOCK] Cannot serialize voxel shapes for block: Block{minecraft:pink_shulker_box}
[BLOCK] Cannot serialize voxel shapes for block: Block{minecraft:pink_shulker_box}
[BLOCK] Cannot serialize voxel shapes for block: Block{minecraft:pink_shulker_box}
[BLOCK] Cannot serialize voxel shapes for block: Block{minecraft:gray_shulker_box}
[BLOCK] Cannot serialize voxel shapes for block: Block{minecraft:gray_shulker_box}
[BLOCK] Cannot serialize voxel shapes for block: Block{minecraft:gray_shulker_box}
[BLOCK] Cannot serialize voxel shapes for block: Block{minecraft:gray_shulker_box}
[BLOCK] Cannot serialize voxel shapes for block: Block{minecraft:gray_shulker_box}
[BLOCK] Cannot serialize voxel shapes for block: Block{minecraft:gray_shulker_box}
[BLOCK] Cannot serialize voxel shapes for block: Block{minecraft:light_gray_shulker_box}
[BLOCK] Cannot serialize voxel shapes for block: Block{minecraft:light_gray_shulker_box}
[BLOCK] Cannot serialize voxel shapes for block: Block{minecraft:light_gray_shulker_box}
[BLOCK] Cannot serialize voxel shapes for block: Block{minecraft:light_gray_shulker_box}
[BLOCK] Cannot serialize voxel shapes for block: Block{minecraft:light_gray_shulker_box}
[BLOCK] Cannot serialize voxel shapes for block: Block{minecraft:light_gray_shulker_box}
[BLOCK] Cannot serialize voxel shapes for block: Block{minecraft:cyan_shulker_box}
[BLOCK] Cannot serialize voxel shapes for block: Block{minecraft:cyan_shulker_box}
[BLOCK] Cannot serialize voxel shapes for block: Block{minecraft:cyan_shulker_box}
[BLOCK] Cannot serialize voxel shapes for block: Block{minecraft:cyan_shulker_box}
[BLOCK] Cannot serialize voxel shapes for block: Block{minecraft:cyan_shulker_box}
[BLOCK] Cannot serialize voxel shapes for block: Block{minecraft:cyan_shulker_box}
[BLOCK] Cannot serialize voxel shapes for block: Block{minecraft:purple_shulker_box}
[BLOCK] Cannot serialize voxel shapes for block: Block{minecraft:purple_shulker_box}
[BLOCK] Cannot serialize voxel shapes for block: Block{minecraft:purple_shulker_box}
[BLOCK] Cannot serialize voxel shapes for block: Block{minecraft:purple_shulker_box}
[BLOCK] Cannot serialize voxel shapes for block: Block{minecraft:purple_shulker_box}
[BLOCK] Cannot serialize voxel shapes for block: Block{minecraft:purple_shulker_box}
[BLOCK] Cannot serialize voxel shapes for block: Block{minecraft:blue_shulker_box}
[BLOCK] Cannot serialize voxel shapes for block: Block{minecraft:blue_shulker_box}
[BLOCK] Cannot serialize voxel shapes for block: Block{minecraft:blue_shulker_box}
[BLOCK] Cannot serialize voxel shapes for block: Block{minecraft:blue_shulker_box}
[BLOCK] Cannot serialize voxel shapes for block: Block{minecraft:blue_shulker_box}
[BLOCK] Cannot serialize voxel shapes for block: Block{minecraft:blue_shulker_box}
[BLOCK] Cannot serialize voxel shapes for block: Block{minecraft:brown_shulker_box}
[BLOCK] Cannot serialize voxel shapes for block: Block{minecraft:brown_shulker_box}
[BLOCK] Cannot serialize voxel shapes for block: Block{minecraft:brown_shulker_box}
[BLOCK] Cannot serialize voxel shapes for block: Block{minecraft:brown_shulker_box}
[BLOCK] Cannot serialize voxel shapes for block: Block{minecraft:brown_shulker_box}
[BLOCK] Cannot serialize voxel shapes for block: Block{minecraft:brown_shulker_box}
[BLOCK] Cannot serialize voxel shapes for block: Block{minecraft:green_shulker_box}
[BLOCK] Cannot serialize voxel shapes for block: Block{minecraft:green_shulker_box}
[BLOCK] Cannot serialize voxel shapes for block: Block{minecraft:green_shulker_box}
[BLOCK] Cannot serialize voxel shapes for block: Block{minecraft:green_shulker_box}
[BLOCK] Cannot serialize voxel shapes for block: Block{minecraft:green_shulker_box}
[BLOCK] Cannot serialize voxel shapes for block: Block{minecraft:green_shulker_box}
[BLOCK] Cannot serialize voxel shapes for block: Block{minecraft:red_shulker_box}
[BLOCK] Cannot serialize voxel shapes for block: Block{minecraft:red_shulker_box}
[BLOCK] Cannot serialize voxel shapes for block: Block{minecraft:red_shulker_box}
[BLOCK] Cannot serialize voxel shapes for block: Block{minecraft:red_shulker_box}
[BLOCK] Cannot serialize voxel shapes for block: Block{minecraft:red_shulker_box}
[BLOCK] Cannot serialize voxel shapes for block: Block{minecraft:red_shulker_box}
[BLOCK] Cannot serialize voxel shapes for block: Block{minecraft:black_shulker_box}
[BLOCK] Cannot serialize voxel shapes for block: Block{minecraft:black_shulker_box}
[BLOCK] Cannot serialize voxel shapes for block: Block{minecraft:black_shulker_box}
[BLOCK] Cannot serialize voxel shapes for block: Block{minecraft:black_shulker_box}
[BLOCK] Cannot serialize voxel shapes for block: Block{minecraft:black_shulker_box}
[BLOCK] Cannot serialize voxel shapes for block: Block{minecraft:black_shulker_box}
[BLOCK] Cannot serialize voxel shapes for block: Block{minecraft:bamboo_sapling}
[BLOCK] Cannot serialize voxel shapes for block: Block{minecraft:bamboo}
[BLOCK] Cannot serialize voxel shapes for block: Block{minecraft:bamboo}
[BLOCK] Cannot serialize voxel shapes for block: Block{minecraft:bamboo}
[BLOCK] Cannot serialize voxel shapes for block: Block{minecraft:bamboo}
[BLOCK] Cannot serialize voxel shapes for block: Block{minecraft:bamboo}
[BLOCK] Cannot serialize voxel shapes for block: Block{minecraft:bamboo}
[BLOCK] Cannot serialize voxel shapes for block: Block{minecraft:bamboo}
[BLOCK] Cannot serialize voxel shapes for block: Block{minecraft:bamboo}
[BLOCK] Cannot serialize voxel shapes for block: Block{minecraft:bamboo}
[BLOCK] Cannot serialize voxel shapes for block: Block{minecraft:bamboo}
[BLOCK] Cannot serialize voxel shapes for block: Block{minecraft:bamboo}
[BLOCK] Cannot serialize voxel shapes for block: Block{minecraft:bamboo}
[BLOCK] Cannot serialize voxel shapes for block: Block{minecraft:pointed_dripstone}
[BLOCK] Cannot serialize voxel shapes for block: Block{minecraft:pointed_dripstone}
[BLOCK] Cannot serialize voxel shapes for block: Block{minecraft:pointed_dripstone}
[BLOCK] Cannot serialize voxel shapes for block: Block{minecraft:pointed_dripstone}
[BLOCK] Cannot serialize voxel shapes for block: Block{minecraft:pointed_dripstone}
[BLOCK] Cannot serialize voxel shapes for block: Block{minecraft:pointed_dripstone}
[BLOCK] Cannot serialize voxel shapes for block: Block{minecraft:pointed_dripstone}
[BLOCK] Cannot serialize voxel shapes for block: Block{minecraft:pointed_dripstone}
[BLOCK] Cannot serialize voxel shapes for block: Block{minecraft:pointed_dripstone}
[BLOCK] Cannot serialize voxel shapes for block: Block{minecraft:pointed_dripstone}
[BLOCK] Cannot serialize voxel shapes for block: Block{minecraft:pointed_dripstone}
[BLOCK] Cannot serialize voxel shapes for block: Block{minecraft:pointed_dripstone}
[BLOCK] Cannot serialize voxel shapes for block: Block{minecraft:pointed_dripstone}
[BLOCK] Cannot serialize voxel shapes for block: Block{minecraft:pointed_dripstone}
[BLOCK] Cannot serialize voxel shapes for block: Block{minecraft:pointed_dripstone}
[BLOCK] Cannot serialize voxel shapes for block: Block{minecraft:pointed_dripstone}
[BLOCK] Cannot serialize voxel shapes for block: Block{minecraft:pointed_dripstone}
[BLOCK] Cannot serialize voxel shapes for block: Block{minecraft:pointed_dripstone}
[BLOCK] Cannot serialize voxel shapes for block: Block{minecraft:pointed_dripstone}
[BLOCK] Cannot serialize voxel shapes for block: Block{minecraft:pointed_dripstone}
[ENTITY] Cannot dump internal attributes of entity.minecraft.player
