To honour the JVM settings for this build a single-use Daemon process will be forked. For more on this, please refer to https://docs.gradle.org/9.1.0/userguide/gradle_daemon.html#sec:disabling_the_daemon in the Gradle documentation.
Daemon will be stopped at the end of the build 

> Configure project :
Fabric Loom: 1.11.8

> Task :compileJava
> Task :processResources
> Task :classes
> Task :generateLog4jConfig
> Task :generateRemapClasspath
> Task :generateDLIConfig
> Task :configureLaunch

> Task :runServer
[05:13:22] [main/INFO] (FabricLoader/GameProvider) Loading Minecraft 23w51a with Fabric Loader 0.17.3
[05:13:22] [main/INFO] (FabricLoader) Loading 5 mods:
	- fabricloader 0.17.3
	- java 21
	- minecraft 1.20.5-alpha.23.51.a
	- mixinextras 0.5.0
	- versapacket-fabricexport 1.0.0
[05:13:22] [main/INFO] (FabricLoader/Mixin) SpongePowered MIXIN Subsystem Version=0.8.7 Source=file:/root/.gradle/caches/modules-2/files-2.1/net.fabricmc/sponge-mixin/0.16.5+mixin.0.8.7/80fc3a9f592673cea87f4cd702f87991c6c9fe4d/sponge-mixin-0.16.5+mixin.0.8.7.jar Service=Knot/Fabric Env=SERVER
[05:13:23] [main/INFO] (FabricLoader/Mixin) Loaded Fabric development mappings for mixin remapper!
[05:13:23] [main/INFO] (FabricLoader/Mixin) Compatibility level set to JAVA_21
[05:13:38] [main/INFO] (Minecraft) Environment: Environment[sessionHost=https://sessionserver.mojang.com, servicesHost=https://api.minecraftservices.com, name=PROD]
[05:13:44] [main/INFO] (Minecraft) Loaded 7 recipes
[05:13:44] [main/INFO] (Minecraft) Loaded 1272 advancements
[05:13:45] [main/INFO] (FabricLoader/MixinExtras|Service) Initializing MixinExtras via com.llamalad7.mixinextras.service.MixinExtrasServiceImpl(version=0.5.0).
[05:13:46] [Server thread/INFO] (Minecraft) Starting minecraft server version 23w51a
[05:13:46] [Server thread/INFO] (Minecraft) Loading properties
[05:13:46] [Server thread/INFO] (Minecraft) Default game type: SURVIVAL
[05:13:46] [Server thread/INFO] (Minecraft) Generating keypair
[05:13:46] [Server thread/INFO] (Minecraft) Starting Minecraft server on *:50249
[05:13:46] [Server thread/INFO] (Minecraft) Using epoll channel type
[05:13:46] [Server thread/INFO] (Minecraft) Preparing level "world"
[05:13:47] [Server thread/INFO] (Minecraft) Preparing start region for dimension minecraft:overworld
[05:13:57] [Worker-Main-5/INFO] (Minecraft) Preparing spawn area: 0%
[05:13:57] [Worker-Main-2/INFO] (Minecraft) Preparing spawn area: 0%
[05:13:57] [Worker-Main-2/INFO] (Minecraft) Preparing spawn area: 0%
[05:13:57] [Worker-Main-5/INFO] (Minecraft) Preparing spawn area: 0%
[05:13:57] [Worker-Main-4/INFO] (Minecraft) Preparing spawn area: 0%
[05:13:57] [Worker-Main-2/INFO] (Minecraft) Preparing spawn area: 0%
[05:13:57] [Worker-Main-3/INFO] (Minecraft) Preparing spawn area: 0%
[05:13:57] [Worker-Main-5/INFO] (Minecraft) Preparing spawn area: 0%
[05:13:57] [Worker-Main-4/INFO] (Minecraft) Preparing spawn area: 0%
[05:13:57] [Worker-Main-5/INFO] (Minecraft) Preparing spawn area: 0%
[05:13:57] [Worker-Main-2/INFO] (Minecraft) Preparing spawn area: 0%
[05:13:57] [Worker-Main-3/INFO] (Minecraft) Preparing spawn area: 0%
[05:13:57] [Worker-Main-1/INFO] (Minecraft) Preparing spawn area: 0%
[05:13:57] [Worker-Main-2/INFO] (Minecraft) Preparing spawn area: 0%
[05:13:57] [Worker-Main-2/INFO] (Minecraft) Preparing spawn area: 0%
[05:13:57] [Worker-Main-2/INFO] (Minecraft) Preparing spawn area: 0%
[05:13:57] [Worker-Main-2/INFO] (Minecraft) Preparing spawn area: 0%
[05:13:57] [Worker-Main-3/INFO] (Minecraft) Preparing spawn area: 0%
[05:13:57] [Worker-Main-5/INFO] (Minecraft) Preparing spawn area: 0%
[05:13:57] [Worker-Main-2/INFO] (Minecraft) Preparing spawn area: 0%
[05:13:57] [Worker-Main-2/INFO] (Minecraft) Preparing spawn area: 0%
[05:13:57] [Worker-Main-5/INFO] (Minecraft) Preparing spawn area: 0%
[05:13:58] [Worker-Main-1/INFO] (Minecraft) Preparing spawn area: 0%
[05:13:58] [Worker-Main-5/INFO] (Minecraft) Preparing spawn area: 0%
[05:13:59] [Worker-Main-1/INFO] (Minecraft) Preparing spawn area: 26%
[05:13:59] [Worker-Main-1/INFO] (Minecraft) Preparing spawn area: 86%
[05:14:00] [Server thread/INFO] (Minecraft) Time elapsed: 12673 ms
[05:14:00] [Server thread/INFO] (Minecraft) Done (13.144s)! For help, type "help"
[05:14:03] [Server thread/INFO] (Minecraft) [STDOUT]: EXPORT Done!

BUILD SUCCESSFUL in 1m 22s
6 actionable tasks: 6 executed
Consider enabling configuration cache to speed up this build: https://docs.gradle.org/9.1.0/userguide/configuration_cache_enabling.html
